<?xml version="1.0" encoding="UTF-8"?>
<testsuite xmlns:xsi="http://www.w3.org/2001/XMLSchema-instance" xsi:noNamespaceSchemaLocation="https://maven.apache.org/surefire/maven-surefire-plugin/xsd/surefire-test-report-3.0.xsd" version="3.0" name="microservices.CucumberRunnerTest" time="2.475" tests="14" errors="0" skipped="0" failures="0">
  <properties>
[...]
</properties>
  <testcase name="User is able to authenticate" classname="Authentication" time="0.888">
    <system-out><![CDATA[
Scenario: User is able to authenticate                                &amp#27;[90m# src/test/resources/features/authentication/authentication.feature:3&amp#27;[0m
  &amp#27;[32mWhen &amp#27;[0m&amp#27;[32mI register member with &amp#27;[0m&amp#27;[32m&amp#27;[1m"static_username"&amp#27;[0m&amp#27;[32m and &amp#27;[0m&amp#27;[32m&amp#27;[1m"static_password"&amp#27;[0m &amp#27;[90m# microservices.cucumber.api.RegisterMember.registerMember(java.lang.String,java.lang.String)&amp#27;[0m
  &amp#27;[32mThen &amp#27;[0m&amp#27;[32mI should see token is generated with status &amp#27;[0m&amp#27;[32m&amp#27;[1m"successfully"&amp#27;[0m     &amp#27;[90m# microservices.cucumber.api.RegisterMember.tokenIsGenerated(java.lang.String)&amp#27;[0m
]]></system-out>
  </testcase>
  <testcase name="User is not able to authenticate without username" classname="Authentication" time="0.06">
    <system-out><![CDATA[
Scenario: User is not able to authenticate without username          &amp#27;[90m# src/test/resources/features/authentication/authentication.feature:7&amp#27;[0m
  &amp#27;[32mWhen &amp#27;[0m&amp#27;[32mI register member with &amp#27;[0m&amp#27;[32m&amp#27;[1m"wrong_username"&amp#27;[0m&amp#27;[32m and &amp#27;[0m&amp#27;[32m&amp#27;[1m"static_password"&amp#27;[0m &amp#27;[90m# microservices.cucumber.api.RegisterMember.registerMember(java.lang.String,java.lang.String)&amp#27;[0m
  &amp#27;[32mThen &amp#27;[0m&amp#27;[32mI should see token is generated with status &amp#27;[0m&amp#27;[32m&amp#27;[1m"invalid_grant"&amp#27;[0m   &amp#27;[90m# microservices.cucumber.api.RegisterMember.tokenIsGenerated(java.lang.String)&amp#27;[0m
]]></system-out>
  </testcase>
  <testcase name="User is not able to authenticate without password" classname="Authentication" time="0.117">
    <system-out><![CDATA[
Scenario: User is not able to authenticate without password          &amp#27;[90m# src/test/resources/features/authentication/authentication.feature:11&amp#27;[0m
  &amp#27;[32mWhen &amp#27;[0m&amp#27;[32mI register member with &amp#27;[0m&amp#27;[32m&amp#27;[1m"static_username"&amp#27;[0m&amp#27;[32m and &amp#27;[0m&amp#27;[32m&amp#27;[1m"wrong_password"&amp#27;[0m &amp#27;[90m# microservices.cucumber.api.RegisterMember.registerMember(java.lang.String,java.lang.String)&amp#27;[0m
  &amp#27;[32mThen &amp#27;[0m&amp#27;[32mI should see token is generated with status &amp#27;[0m&amp#27;[32m&amp#27;[1m"invalid_grant"&amp#27;[0m   &amp#27;[90m# microservices.cucumber.api.RegisterMember.tokenIsGenerated(java.lang.String)&amp#27;[0m
]]></system-out>
  </testcase>
  <testcase name="User is not able to authenticate without username and password" classname="Authentication" time="0.063">
    <system-out><![CDATA[
Scenario: User is not able to authenticate without username and password &amp#27;[90m# src/test/resources/features/authentication/authentication.feature:15&amp#27;[0m
  &amp#27;[32mWhen &amp#27;[0m&amp#27;[32mI register member with &amp#27;[0m&amp#27;[32m&amp#27;[1m"wrong_username"&amp#27;[0m&amp#27;[32m and &amp#27;[0m&amp#27;[32m&amp#27;[1m"wrong_password"&amp#27;[0m      &amp#27;[90m# microservices.cucumber.api.RegisterMember.registerMember(java.lang.String,java.lang.String)&amp#27;[0m
  &amp#27;[32mThen &amp#27;[0m&amp#27;[32mI should see token is generated with status &amp#27;[0m&amp#27;[32m&amp#27;[1m"invalid_grant"&amp#27;[0m       &amp#27;[90m# microservices.cucumber.api.RegisterMember.tokenIsGenerated(java.lang.String)&amp#27;[0m
]]></system-out>
  </testcase>
  <testcase name="User is able to register logger 810T" classname="Logger type 810T" time="0.218">
    <system-out><![CDATA[
Scenario: User is able to register logger 810T                                         &amp#27;[90m# src/test/resources/features/loggers/logger_type_mr_810T.feature:3&amp#27;[0m
  &amp#27;[32mWhen &amp#27;[0m&amp#27;[32mI register logger &amp#27;[0m&amp#27;[32m&amp#27;[1m"type810T"&amp#27;[0m&amp#27;[32m with nex &amp#27;[0m&amp#27;[32m&amp#27;[1m"staticLoggerNumberType810T"&amp#27;[0m&amp#27;[32m length of &amp#27;[0m&amp#27;[32m&amp#27;[1m16&amp#27;[0m &amp#27;[90m# microservices.cucumber.api.Loggers.registerLogger(java.lang.String,java.lang.String,java.lang.Integer)&amp#27;[0m
  &amp#27;[32mThen &amp#27;[0m&amp#27;[32mI should see request with status &amp#27;[0m&amp#27;[32m&amp#27;[1m"created"&amp#27;[0m                                      &amp#27;[90m# microservices.cucumber.api.Loggers.loggerIsCreated(java.lang.String)&amp#27;[0m
]]></system-out>
  </testcase>
  <testcase name="User is not able to register not supported logger" classname="Logger type 810T" time="0.043">
    <system-out><![CDATA[
Scenario: User is not able to register not supported logger                                        &amp#27;[90m# src/test/resources/features/loggers/logger_type_mr_810T.feature:12&amp#27;[0m
  &amp#27;[32mWhen &amp#27;[0m&amp#27;[32mI register logger &amp#27;[0m&amp#27;[32m&amp#27;[1m"type80080801NT"&amp#27;[0m&amp#27;[32m with nex &amp#27;[0m&amp#27;[32m&amp#27;[1m"newNexLoggerNumberType80080801NT"&amp#27;[0m&amp#27;[32m length of &amp#27;[0m&amp#27;[32m&amp#27;[1m16&amp#27;[0m &amp#27;[90m# microservices.cucumber.api.Loggers.registerLogger(java.lang.String,java.lang.String,java.lang.Integer)&amp#27;[0m
  &amp#27;[32mThen &amp#27;[0m&amp#27;[32mI should see request with status &amp#27;[0m&amp#27;[32m&amp#27;[1m"bad request"&amp#27;[0m                                              &amp#27;[90m# microservices.cucumber.api.Loggers.loggerIsCreated(java.lang.String)&amp#27;[0m
]]></system-out>
  </testcase>
  <testcase name="User is not able to register supported logger 810T without nex number" classname="Logger type 810T" time="0.046">
    <system-out><![CDATA[
Scenario: User is not able to register supported logger 810T without nex number &amp#27;[90m# src/test/resources/features/loggers/logger_type_mr_810T.feature:16&amp#27;[0m
  &amp#27;[32mWhen &amp#27;[0m&amp#27;[32mI register logger &amp#27;[0m&amp#27;[32m&amp#27;[1m"type810T"&amp#27;[0m&amp#27;[32m with nex &amp#27;[0m&amp#27;[32m&amp#27;[1m""&amp#27;[0m&amp#27;[32m length of &amp#27;[0m&amp#27;[32m&amp#27;[1m16&amp#27;[0m                    &amp#27;[90m# microservices.cucumber.api.Loggers.registerLogger(java.lang.String,java.lang.String,java.lang.Integer)&amp#27;[0m
  &amp#27;[32mThen &amp#27;[0m&amp#27;[32mI should see request with status &amp#27;[0m&amp#27;[32m&amp#27;[1m"bad request"&amp#27;[0m                           &amp#27;[90m# microservices.cucumber.api.Loggers.loggerIsCreated(java.lang.String)&amp#27;[0m
]]></system-out>
  </testcase>
  <testcase name="User is able to register supported logger 810T with nex length of 1" classname="Logger type 810T" time="0.07">
    <system-out><![CDATA[
Scenario: User is able to register supported logger 810T with nex length of 1 &amp#27;[90m# src/test/resources/features/loggers/logger_type_mr_810T.feature:20&amp#27;[0m
  &amp#27;[32mWhen &amp#27;[0m&amp#27;[32mI register logger &amp#27;[0m&amp#27;[32m&amp#27;[1m"type810T"&amp#27;[0m&amp#27;[32m with nex &amp#27;[0m&amp#27;[32m&amp#27;[1m"valid"&amp#27;[0m&amp#27;[32m length of &amp#27;[0m&amp#27;[32m&amp#27;[1m1&amp#27;[0m              &amp#27;[90m# microservices.cucumber.api.Loggers.registerLogger(java.lang.String,java.lang.String,java.lang.Integer)&amp#27;[0m
  &amp#27;[32mThen &amp#27;[0m&amp#27;[32mI should see request with status &amp#27;[0m&amp#27;[32m&amp#27;[1m"created"&amp#27;[0m                             &amp#27;[90m# microservices.cucumber.api.Loggers.loggerIsCreated(java.lang.String)&amp#27;[0m
]]></system-out>
  </testcase>
  <testcase name="User is not able to register supported logger 810T with nex length of 17" classname="Logger type 810T" time="0.057">
    <system-out><![CDATA[
Scenario: User is not able to register supported logger 810T with nex length of 17 &amp#27;[90m# src/test/resources/features/loggers/logger_type_mr_810T.feature:24&amp#27;[0m
  &amp#27;[32mWhen &amp#27;[0m&amp#27;[32mI register logger &amp#27;[0m&amp#27;[32m&amp#27;[1m"type810T"&amp#27;[0m&amp#27;[32m with nex &amp#27;[0m&amp#27;[32m&amp#27;[1m"checkLength"&amp#27;[0m&amp#27;[32m length of &amp#27;[0m&amp#27;[32m&amp#27;[1m17&amp#27;[0m            &amp#27;[90m# microservices.cucumber.api.Loggers.registerLogger(java.lang.String,java.lang.String,java.lang.Integer)&amp#27;[0m
  &amp#27;[32mThen &amp#27;[0m&amp#27;[32mI should see request with status &amp#27;[0m&amp#27;[32m&amp#27;[1m"bad request"&amp#27;[0m                              &amp#27;[90m# microservices.cucumber.api.Loggers.loggerIsCreated(java.lang.String)&amp#27;[0m
]]></system-out>
  </testcase>
  <testcase name="User is able to register logger 812P" classname="Logger type 812P" time="0.052">
    <system-out><![CDATA[
Scenario: User is able to register logger 812P                                         &amp#27;[90m# src/test/resources/features/loggers/logger_type_mr_812P.feature:3&amp#27;[0m
  &amp#27;[32mWhen &amp#27;[0m&amp#27;[32mI register logger &amp#27;[0m&amp#27;[32m&amp#27;[1m"type812P"&amp#27;[0m&amp#27;[32m with nex &amp#27;[0m&amp#27;[32m&amp#27;[1m"staticLoggerNumberType812P"&amp#27;[0m&amp#27;[32m length of &amp#27;[0m&amp#27;[32m&amp#27;[1m16&amp#27;[0m &amp#27;[90m# microservices.cucumber.api.Loggers.registerLogger(java.lang.String,java.lang.String,java.lang.Integer)&amp#27;[0m
  &amp#27;[32mThen &amp#27;[0m&amp#27;[32mI should see request with status &amp#27;[0m&amp#27;[32m&amp#27;[1m"created"&amp#27;[0m                                      &amp#27;[90m# microservices.cucumber.api.Loggers.loggerIsCreated(java.lang.String)&amp#27;[0m
]]></system-out>
  </testcase>
  <testcase name="User is not able to register not supported logger type" classname="Logger type 812P" time="0.048">
    <system-out><![CDATA[
Scenario: User is not able to register not supported logger type                                  &amp#27;[90m# src/test/resources/features/loggers/logger_type_mr_812P.feature:12&amp#27;[0m
  &amp#27;[32mWhen &amp#27;[0m&amp#27;[32mI register logger &amp#27;[0m&amp#27;[32m&amp#27;[1m"type80128012P"&amp#27;[0m&amp#27;[32m with nex &amp#27;[0m&amp#27;[32m&amp#27;[1m"newNexLoggerNumberType80080801NT"&amp#27;[0m&amp#27;[32m length of &amp#27;[0m&amp#27;[32m&amp#27;[1m16&amp#27;[0m &amp#27;[90m# microservices.cucumber.api.Loggers.registerLogger(java.lang.String,java.lang.String,java.lang.Integer)&amp#27;[0m
  &amp#27;[32mThen &amp#27;[0m&amp#27;[32mI should see request with status &amp#27;[0m&amp#27;[32m&amp#27;[1m"bad request"&amp#27;[0m                                             &amp#27;[90m# microservices.cucumber.api.Loggers.loggerIsCreated(java.lang.String)&amp#27;[0m
]]></system-out>
  </testcase>
  <testcase name="User is not able to register supported logger 812P without nex number" classname="Logger type 812P" time="0.05">
    <system-out><![CDATA[
Scenario: User is not able to register supported logger 812P without nex number &amp#27;[90m# src/test/resources/features/loggers/logger_type_mr_812P.feature:16&amp#27;[0m
  &amp#27;[32mWhen &amp#27;[0m&amp#27;[32mI register logger &amp#27;[0m&amp#27;[32m&amp#27;[1m"type812P"&amp#27;[0m&amp#27;[32m with nex &amp#27;[0m&amp#27;[32m&amp#27;[1m""&amp#27;[0m&amp#27;[32m length of &amp#27;[0m&amp#27;[32m&amp#27;[1m16&amp#27;[0m                    &amp#27;[90m# microservices.cucumber.api.Loggers.registerLogger(java.lang.String,java.lang.String,java.lang.Integer)&amp#27;[0m
  &amp#27;[32mThen &amp#27;[0m&amp#27;[32mI should see request with status &amp#27;[0m&amp#27;[32m&amp#27;[1m"bad request"&amp#27;[0m                           &amp#27;[90m# microservices.cucumber.api.Loggers.loggerIsCreated(java.lang.String)&amp#27;[0m
]]></system-out>
  </testcase>
  <testcase name="User is able to register supported logger 812P with nex length of 1" classname="Logger type 812P" time="0.053">
    <system-out><![CDATA[
Scenario: User is able to register supported logger 812P with nex length of 1 &amp#27;[90m# src/test/resources/features/loggers/logger_type_mr_812P.feature:20&amp#27;[0m
  &amp#27;[32mWhen &amp#27;[0m&amp#27;[32mI register logger &amp#27;[0m&amp#27;[32m&amp#27;[1m"type812P"&amp#27;[0m&amp#27;[32m with nex &amp#27;[0m&amp#27;[32m&amp#27;[1m"valid"&amp#27;[0m&amp#27;[32m length of &amp#27;[0m&amp#27;[32m&amp#27;[1m1&amp#27;[0m              &amp#27;[90m# microservices.cucumber.api.Loggers.registerLogger(java.lang.String,java.lang.String,java.lang.Integer)&amp#27;[0m
  &amp#27;[32mThen &amp#27;[0m&amp#27;[32mI should see request with status &amp#27;[0m&amp#27;[32m&amp#27;[1m"created"&amp#27;[0m                             &amp#27;[90m# microservices.cucumber.api.Loggers.loggerIsCreated(java.lang.String)&amp#27;[0m
]]></system-out>
  </testcase>
  <testcase name="User is not able to register supported logger 812P with nex length of 17" classname="Logger type 812P" time="0.041">
    <system-out><![CDATA[
Scenario: User is not able to register supported logger 812P with nex length of 17 &amp#27;[90m# src/test/resources/features/loggers/logger_type_mr_812P.feature:24&amp#27;[0m
  &amp#27;[32mWhen &amp#27;[0m&amp#27;[32mI register logger &amp#27;[0m&amp#27;[32m&amp#27;[1m"type812P"&amp#27;[0m&amp#27;[32m with nex &amp#27;[0m&amp#27;[32m&amp#27;[1m"checkLength"&amp#27;[0m&amp#27;[32m length of &amp#27;[0m&amp#27;[32m&amp#27;[1m17&amp#27;[0m            &amp#27;[90m# microservices.cucumber.api.Loggers.registerLogger(java.lang.String,java.lang.String,java.lang.Integer)&amp#27;[0m
  &amp#27;[32mThen &amp#27;[0m&amp#27;[32mI should see request with status &amp#27;[0m&amp#27;[32m&amp#27;[1m"bad request"&amp#27;[0m                              &amp#27;[90m# microservices.cucumber.api.Loggers.loggerIsCreated(java.lang.String)&amp#27;[0m
]]></system-out>
  </testcase>
</testsuite>